CCS PCM C Compiler, Version 5.015, 5967               08-Jul-25 12:51

               Filename:   D:\Baidoxethongminh\baidoxe.lst

               ROM used:   1531 words (19%)
                           Largest free fragment is 2048
               RAM used:   22 (6%) at main() level
                           64 (17%) worst case
               Stack used: 8 locations (3 in main + 5 for interrupts)
               Stack size: 8

*
0000:  MOVLW  04
0001:  MOVWF  0A
0002:  GOTO   4C9
0003:  NOP
0004:  MOVWF  7F
0005:  SWAPF  03,W
0006:  CLRF   03
0007:  MOVWF  21
0008:  MOVF   0A,W
0009:  MOVWF  20
000A:  CLRF   0A
000B:  MOVF   04,W
000C:  MOVWF  22
000D:  MOVF   77,W
000E:  MOVWF  23
000F:  MOVF   78,W
0010:  MOVWF  24
0011:  MOVF   79,W
0012:  MOVWF  25
0013:  MOVF   7A,W
0014:  MOVWF  26
0015:  BSF    03.6
0016:  MOVF   0D,W
0017:  BCF    03.6
0018:  MOVWF  27
0019:  BSF    03.6
001A:  MOVF   0F,W
001B:  BCF    03.6
001C:  MOVWF  28
001D:  BSF    03.6
001E:  MOVF   0C,W
001F:  BCF    03.6
0020:  MOVWF  29
0021:  BSF    03.6
0022:  MOVF   0E,W
0023:  BCF    03.6
0024:  MOVWF  2A
0025:  BCF    03.7
0026:  BCF    03.5
0027:  BTFSS  0B.3
0028:  GOTO   02B
0029:  BTFSC  0B.0
002A:  GOTO   04C
002B:  MOVF   22,W
002C:  MOVWF  04
002D:  MOVF   23,W
002E:  MOVWF  77
002F:  MOVF   24,W
0030:  MOVWF  78
0031:  MOVF   25,W
0032:  MOVWF  79
0033:  MOVF   26,W
0034:  MOVWF  7A
0035:  MOVF   27,W
0036:  BSF    03.6
0037:  MOVWF  0D
0038:  BCF    03.6
0039:  MOVF   28,W
003A:  BSF    03.6
003B:  MOVWF  0F
003C:  BCF    03.6
003D:  MOVF   29,W
003E:  BSF    03.6
003F:  MOVWF  0C
0040:  BCF    03.6
0041:  MOVF   2A,W
0042:  BSF    03.6
0043:  MOVWF  0E
0044:  BCF    03.6
0045:  MOVF   20,W
0046:  MOVWF  0A
0047:  SWAPF  21,W
0048:  MOVWF  03
0049:  SWAPF  7F,F
004A:  SWAPF  7F,W
004B:  RETFIE
004C:  BCF    0A.3
004D:  BCF    0A.4
004E:  GOTO   19C
.................... #include <16F887.h> 
.................... //////////// Standard Header file for the PIC16F887 device //////////////// 
.................... /////////////////////////////////////////////////////////////////////////// 
.................... ////        (C) Copyright 1996, 2013 Custom Computer Services          //// 
.................... //// This source code may only be used by licensed users of the CCS C  //// 
.................... //// compiler.  This source code may only be distributed to other      //// 
.................... //// licensed users of the CCS C compiler.  No other use, reproduction //// 
.................... //// or distribution is permitted without written permission.          //// 
.................... //// Derivative programs created using this software in object code    //// 
.................... //// form are not restricted in any way.                               //// 
.................... /////////////////////////////////////////////////////////////////////////// 
.................... #device PIC16F887 
004F:  RETLW  52
0050:  RETLW  61
0051:  RETLW  00
0052:  RETLW  56
0053:  RETLW  61
0054:  RETLW  6F
0055:  RETLW  00
0056:  DATA D2,32
0057:  DATA F3,32
0058:  DATA 74,10
0059:  DATA CF,25
005A:  DATA 00,00
005B:  DATA D3,37
005C:  DATA 20,3C
005D:  DATA 65,1D
005E:  DATA 20,18
005F:  DATA 00,00
*
007B:  MOVLW  10
007C:  MOVWF  55
007D:  CLRF   77
007E:  CLRF   7A
007F:  RRF    52,F
0080:  RRF    51,F
0081:  BTFSS  03.0
0082:  GOTO   089
0083:  MOVF   53,W
0084:  ADDWF  77,F
0085:  BTFSC  03.0
0086:  INCF   7A,F
0087:  MOVF   54,W
0088:  ADDWF  7A,F
0089:  RRF    7A,F
008A:  RRF    77,F
008B:  RRF    79,F
008C:  RRF    78,F
008D:  DECFSZ 55,F
008E:  GOTO   07F
*
009A:  CLRF   78
009B:  CLRF   79
009C:  CLRF   77
009D:  CLRF   7A
009E:  MOVF   56,W
009F:  BTFSS  03.2
00A0:  GOTO   0A4
00A1:  MOVF   55,W
00A2:  BTFSC  03.2
00A3:  GOTO   0BE
00A4:  MOVLW  10
00A5:  MOVWF  57
00A6:  BCF    03.0
00A7:  RLF    53,F
00A8:  RLF    54,F
00A9:  RLF    77,F
00AA:  RLF    7A,F
00AB:  MOVF   56,W
00AC:  SUBWF  7A,W
00AD:  BTFSS  03.2
00AE:  GOTO   0B1
00AF:  MOVF   55,W
00B0:  SUBWF  77,W
00B1:  BTFSS  03.0
00B2:  GOTO   0BA
00B3:  MOVF   55,W
00B4:  SUBWF  77,F
00B5:  BTFSS  03.0
00B6:  DECF   7A,F
00B7:  MOVF   56,W
00B8:  SUBWF  7A,F
00B9:  BSF    03.0
00BA:  RLF    78,F
00BB:  RLF    79,F
00BC:  DECFSZ 57,F
00BD:  GOTO   0A6
*
0226:  BCF    03.6
0227:  MOVF   0B,W
0228:  MOVWF  4E
0229:  BCF    0B.7
022A:  BSF    03.5
022B:  BSF    03.6
022C:  BSF    0C.7
022D:  BSF    0C.0
022E:  NOP
022F:  NOP
0230:  BCF    03.5
0231:  BCF    03.6
0232:  BTFSC  4E.7
0233:  BSF    0B.7
0234:  BSF    03.6
0235:  MOVF   0C,W
0236:  ANDLW  7F
0237:  BTFSC  03.2
0238:  GOTO   279
0239:  BCF    03.6
023A:  MOVWF  4E
023B:  BSF    03.6
023C:  MOVF   0D,W
023D:  BCF    03.6
023E:  MOVWF  4F
023F:  BSF    03.6
0240:  MOVF   0F,W
0241:  BCF    03.6
0242:  MOVWF  50
0243:  MOVF   4E,W
0244:  MOVWF  51
0245:  CALL   156
0246:  MOVF   4F,W
0247:  BSF    03.6
0248:  MOVWF  0D
0249:  BCF    03.6
024A:  MOVF   50,W
024B:  BSF    03.6
024C:  MOVWF  0F
024D:  BCF    03.6
024E:  MOVF   0B,W
024F:  MOVWF  51
0250:  BCF    0B.7
0251:  BSF    03.5
0252:  BSF    03.6
0253:  BSF    0C.7
0254:  BSF    0C.0
0255:  NOP
0256:  NOP
0257:  BCF    03.5
0258:  BCF    03.6
0259:  BTFSC  51.7
025A:  BSF    0B.7
025B:  BSF    03.6
025C:  RLF    0C,W
025D:  RLF    0E,W
025E:  ANDLW  7F
025F:  BTFSC  03.2
0260:  GOTO   279
0261:  BCF    03.6
0262:  MOVWF  4E
0263:  BSF    03.6
0264:  MOVF   0D,W
0265:  BCF    03.6
0266:  MOVWF  4F
0267:  BSF    03.6
0268:  MOVF   0F,W
0269:  BCF    03.6
026A:  MOVWF  50
026B:  MOVF   4E,W
026C:  MOVWF  51
026D:  CALL   156
026E:  MOVF   4F,W
026F:  BSF    03.6
0270:  MOVWF  0D
0271:  BCF    03.6
0272:  MOVF   50,W
0273:  BSF    03.6
0274:  MOVWF  0F
0275:  INCF   0D,F
0276:  BTFSC  03.2
0277:  INCF   0F,F
0278:  GOTO   226
*
0284:  BCF    03.6
0285:  MOVF   0B,W
0286:  MOVWF  4E
0287:  BCF    0B.7
0288:  BSF    03.5
0289:  BSF    03.6
028A:  BSF    0C.7
028B:  BSF    0C.0
028C:  NOP
028D:  NOP
028E:  BCF    03.5
028F:  BCF    03.6
0290:  BTFSC  4E.7
0291:  BSF    0B.7
0292:  BSF    03.6
0293:  MOVF   0C,W
0294:  ANDLW  7F
0295:  BTFSC  03.2
0296:  GOTO   2D7
0297:  BCF    03.6
0298:  MOVWF  4E
0299:  BSF    03.6
029A:  MOVF   0D,W
029B:  BCF    03.6
029C:  MOVWF  4F
029D:  BSF    03.6
029E:  MOVF   0F,W
029F:  BCF    03.6
02A0:  MOVWF  50
02A1:  MOVF   4E,W
02A2:  MOVWF  51
02A3:  CALL   156
02A4:  MOVF   4F,W
02A5:  BSF    03.6
02A6:  MOVWF  0D
02A7:  BCF    03.6
02A8:  MOVF   50,W
02A9:  BSF    03.6
02AA:  MOVWF  0F
02AB:  BCF    03.6
02AC:  MOVF   0B,W
02AD:  MOVWF  51
02AE:  BCF    0B.7
02AF:  BSF    03.5
02B0:  BSF    03.6
02B1:  BSF    0C.7
02B2:  BSF    0C.0
02B3:  NOP
02B4:  NOP
02B5:  BCF    03.5
02B6:  BCF    03.6
02B7:  BTFSC  51.7
02B8:  BSF    0B.7
02B9:  BSF    03.6
02BA:  RLF    0C,W
02BB:  RLF    0E,W
02BC:  ANDLW  7F
02BD:  BTFSC  03.2
02BE:  GOTO   2D7
02BF:  BCF    03.6
02C0:  MOVWF  4E
02C1:  BSF    03.6
02C2:  MOVF   0D,W
02C3:  BCF    03.6
02C4:  MOVWF  4F
02C5:  BSF    03.6
02C6:  MOVF   0F,W
02C7:  BCF    03.6
02C8:  MOVWF  50
02C9:  MOVF   4E,W
02CA:  MOVWF  51
02CB:  CALL   156
02CC:  MOVF   4F,W
02CD:  BSF    03.6
02CE:  MOVWF  0D
02CF:  BCF    03.6
02D0:  MOVF   50,W
02D1:  BSF    03.6
02D2:  MOVWF  0F
02D3:  INCF   0D,F
02D4:  BTFSC  03.2
02D5:  INCF   0F,F
02D6:  GOTO   284
*
02E4:  DATA D3,37
02E5:  DATA 20,3C
02E6:  DATA 65,1D
02E7:  DATA A0,12
02E8:  DATA 64,00
02E9:  DATA C2,20
02EA:  DATA 49,10
02EB:  DATA C4,20
02EC:  DATA 59,00
02ED:  DATA C3,27
02EE:  DATA 4E,10
02EF:  DATA 43,24
02F0:  DATA 4F,00
*
03AE:  MOVF   0B,W
03AF:  MOVWF  42
03B0:  BCF    0B.7
03B1:  BSF    03.5
03B2:  BSF    03.6
03B3:  BSF    0C.7
03B4:  BSF    0C.0
03B5:  NOP
03B6:  NOP
03B7:  BCF    03.5
03B8:  BCF    03.6
03B9:  BTFSC  42.7
03BA:  BSF    0B.7
03BB:  BTFSC  03.0
03BC:  GOTO   3F0
03BD:  BSF    03.6
03BE:  MOVF   0C,W
03BF:  ANDLW  7F
03C0:  BCF    03.6
03C1:  MOVWF  42
03C2:  BSF    03.6
03C3:  MOVF   0D,W
03C4:  BCF    03.6
03C5:  MOVWF  43
03C6:  BSF    03.6
03C7:  MOVF   0F,W
03C8:  BCF    03.6
03C9:  MOVWF  44
03CA:  MOVF   42,W
03CB:  MOVWF  47
03CC:  MOVF   2F,W
03CD:  MOVWF  04
03CE:  BCF    03.7
03CF:  BTFSC  30.0
03D0:  BSF    03.7
03D1:  MOVF   47,W
03D2:  MOVWF  00
03D3:  INCF   04,F
03D4:  CLRF   00
03D5:  INCF   2F,F
03D6:  BTFSC  03.2
03D7:  INCF   30,F
03D8:  MOVF   43,W
03D9:  BSF    03.6
03DA:  MOVWF  0D
03DB:  BCF    03.6
03DC:  MOVF   44,W
03DD:  BSF    03.6
03DE:  MOVWF  0F
03DF:  BCF    03.6
03E0:  MOVF   0B,W
03E1:  MOVWF  45
03E2:  BCF    0B.7
03E3:  BSF    03.5
03E4:  BSF    03.6
03E5:  BSF    0C.7
03E6:  BSF    0C.0
03E7:  NOP
03E8:  NOP
03E9:  BCF    03.5
03EA:  BCF    03.6
03EB:  BTFSC  45.7
03EC:  BSF    0B.7
03ED:  DECFSZ 41,F
03EE:  GOTO   3F0
03EF:  GOTO   41A
03F0:  BSF    03.6
03F1:  RLF    0C,W
03F2:  RLF    0E,W
03F3:  ANDLW  7F
03F4:  BCF    03.6
03F5:  MOVWF  42
03F6:  BSF    03.6
03F7:  MOVF   0D,W
03F8:  BCF    03.6
03F9:  MOVWF  43
03FA:  BSF    03.6
03FB:  MOVF   0F,W
03FC:  BCF    03.6
03FD:  MOVWF  44
03FE:  MOVF   42,W
03FF:  MOVWF  47
0400:  MOVF   2F,W
0401:  MOVWF  04
0402:  BCF    03.7
0403:  BTFSC  30.0
0404:  BSF    03.7
0405:  MOVF   47,W
0406:  MOVWF  00
0407:  INCF   04,F
0408:  CLRF   00
0409:  INCF   2F,F
040A:  BTFSC  03.2
040B:  INCF   30,F
040C:  MOVF   43,W
040D:  BSF    03.6
040E:  MOVWF  0D
040F:  BCF    03.6
0410:  MOVF   44,W
0411:  BSF    03.6
0412:  MOVWF  0F
0413:  INCF   0D,F
0414:  BTFSC  03.2
0415:  INCF   0F,F
0416:  BCF    03.0
0417:  BCF    03.6
0418:  DECFSZ 41,F
0419:  GOTO   3AE
041A:  BCF    0A.3
041B:  BCF    0A.4
041C:  GOTO   4FB (RETURN)
041D:  MOVLW  20
041E:  BTFSS  42.4
041F:  MOVLW  30
0420:  MOVWF  43
0421:  MOVF   41,W
0422:  MOVWF  77
0423:  BTFSS  77.7
0424:  GOTO   42D
0425:  COMF   77,F
0426:  INCF   77,F
0427:  MOVF   77,W
0428:  MOVWF  41
0429:  MOVLW  2D
042A:  MOVWF  43
042B:  BSF    42.7
042C:  BSF    42.0
042D:  MOVF   78,W
042E:  MOVF   41,W
042F:  MOVWF  47
0430:  MOVLW  64
0431:  MOVWF  48
0432:  MOVF   48,W
0433:  CLRF   78
0434:  SUBWF  47,W
0435:  BTFSC  03.0
0436:  GOTO   43A
0437:  MOVF   47,W
0438:  MOVWF  77
0439:  GOTO   446
043A:  CLRF   77
043B:  MOVLW  08
043C:  MOVWF  49
043D:  RLF    47,F
043E:  RLF    77,F
043F:  MOVF   48,W
0440:  SUBWF  77,W
0441:  BTFSC  03.0
0442:  MOVWF  77
0443:  RLF    78,F
0444:  DECFSZ 49,F
0445:  GOTO   43D
0446:  MOVF   77,W
0447:  MOVWF  41
0448:  MOVLW  30
0449:  ADDWF  78,W
044A:  MOVWF  44
044B:  MOVF   41,W
044C:  MOVWF  47
044D:  MOVLW  0A
044E:  MOVWF  48
044F:  MOVF   48,W
0450:  CLRF   78
0451:  SUBWF  47,W
0452:  BTFSC  03.0
0453:  GOTO   457
0454:  MOVF   47,W
0455:  MOVWF  77
0456:  GOTO   463
0457:  CLRF   77
0458:  MOVLW  08
0459:  MOVWF  49
045A:  RLF    47,F
045B:  RLF    77,F
045C:  MOVF   48,W
045D:  SUBWF  77,W
045E:  BTFSC  03.0
045F:  MOVWF  77
0460:  RLF    78,F
0461:  DECFSZ 49,F
0462:  GOTO   45A
0463:  MOVLW  30
0464:  ADDWF  77,W
0465:  MOVWF  46
0466:  MOVLW  30
0467:  ADDWF  78,W
0468:  MOVWF  45
0469:  MOVF   43,W
046A:  MOVWF  77
046B:  MOVLW  30
046C:  SUBWF  44,W
046D:  BTFSC  03.2
046E:  GOTO   473
046F:  BSF    42.1
0470:  BTFSC  42.7
0471:  BSF    42.2
0472:  GOTO   487
0473:  MOVF   43,W
0474:  MOVWF  44
0475:  MOVLW  20
0476:  MOVWF  43
0477:  MOVLW  30
0478:  SUBWF  45,W
0479:  BTFSC  03.2
047A:  GOTO   47F
047B:  BSF    42.0
047C:  BTFSC  42.7
047D:  BSF    42.1
047E:  GOTO   487
047F:  BTFSS  03.2
0480:  BSF    42.0
0481:  BTFSS  03.2
0482:  GOTO   487
0483:  MOVF   44,W
0484:  MOVWF  45
0485:  MOVLW  20
0486:  MOVWF  44
0487:  BTFSC  42.2
0488:  GOTO   48E
0489:  BTFSC  42.1
048A:  GOTO   49C
048B:  BTFSC  42.0
048C:  GOTO   4AA
048D:  GOTO   4B8
048E:  MOVF   43,W
048F:  MOVWF  47
0490:  MOVF   2F,W
0491:  MOVWF  04
0492:  BCF    03.7
0493:  BTFSC  30.0
0494:  BSF    03.7
0495:  MOVF   47,W
0496:  MOVWF  00
0497:  INCF   04,F
0498:  CLRF   00
0499:  INCF   2F,F
049A:  BTFSC  03.2
049B:  INCF   30,F
049C:  MOVF   44,W
049D:  MOVWF  47
049E:  MOVF   2F,W
049F:  MOVWF  04
04A0:  BCF    03.7
04A1:  BTFSC  30.0
04A2:  BSF    03.7
04A3:  MOVF   47,W
04A4:  MOVWF  00
04A5:  INCF   04,F
04A6:  CLRF   00
04A7:  INCF   2F,F
04A8:  BTFSC  03.2
04A9:  INCF   30,F
04AA:  MOVF   45,W
04AB:  MOVWF  47
04AC:  MOVF   2F,W
04AD:  MOVWF  04
04AE:  BCF    03.7
04AF:  BTFSC  30.0
04B0:  BSF    03.7
04B1:  MOVF   47,W
04B2:  MOVWF  00
04B3:  INCF   04,F
04B4:  CLRF   00
04B5:  INCF   2F,F
04B6:  BTFSC  03.2
04B7:  INCF   30,F
04B8:  MOVF   46,W
04B9:  MOVWF  47
04BA:  MOVF   2F,W
04BB:  MOVWF  04
04BC:  BCF    03.7
04BD:  BTFSC  30.0
04BE:  BSF    03.7
04BF:  MOVF   47,W
04C0:  MOVWF  00
04C1:  INCF   04,F
04C2:  CLRF   00
04C3:  INCF   2F,F
04C4:  BTFSC  03.2
04C5:  INCF   30,F
04C6:  BCF    0A.3
04C7:  BCF    0A.4
04C8:  GOTO   500 (RETURN)
*
052A:  BCF    03.6
052B:  MOVF   0B,W
052C:  MOVWF  4E
052D:  BCF    0B.7
052E:  BSF    03.5
052F:  BSF    03.6
0530:  BSF    0C.7
0531:  BSF    0C.0
0532:  NOP
0533:  NOP
0534:  BCF    03.5
0535:  BCF    03.6
0536:  BTFSC  4E.7
0537:  BSF    0B.7
0538:  BSF    03.6
0539:  MOVF   0C,W
053A:  ANDLW  7F
053B:  BTFSC  03.2
053C:  GOTO   57D
053D:  BCF    03.6
053E:  MOVWF  4E
053F:  BSF    03.6
0540:  MOVF   0D,W
0541:  BCF    03.6
0542:  MOVWF  4F
0543:  BSF    03.6
0544:  MOVF   0F,W
0545:  BCF    03.6
0546:  MOVWF  50
0547:  MOVF   4E,W
0548:  MOVWF  51
0549:  CALL   156
054A:  MOVF   4F,W
054B:  BSF    03.6
054C:  MOVWF  0D
054D:  BCF    03.6
054E:  MOVF   50,W
054F:  BSF    03.6
0550:  MOVWF  0F
0551:  BCF    03.6
0552:  MOVF   0B,W
0553:  MOVWF  51
0554:  BCF    0B.7
0555:  BSF    03.5
0556:  BSF    03.6
0557:  BSF    0C.7
0558:  BSF    0C.0
0559:  NOP
055A:  NOP
055B:  BCF    03.5
055C:  BCF    03.6
055D:  BTFSC  51.7
055E:  BSF    0B.7
055F:  BSF    03.6
0560:  RLF    0C,W
0561:  RLF    0E,W
0562:  ANDLW  7F
0563:  BTFSC  03.2
0564:  GOTO   57D
0565:  BCF    03.6
0566:  MOVWF  4E
0567:  BSF    03.6
0568:  MOVF   0D,W
0569:  BCF    03.6
056A:  MOVWF  4F
056B:  BSF    03.6
056C:  MOVF   0F,W
056D:  BCF    03.6
056E:  MOVWF  50
056F:  MOVF   4E,W
0570:  MOVWF  51
0571:  CALL   156
0572:  MOVF   4F,W
0573:  BSF    03.6
0574:  MOVWF  0D
0575:  BCF    03.6
0576:  MOVF   50,W
0577:  BSF    03.6
0578:  MOVWF  0F
0579:  INCF   0D,F
057A:  BTFSC  03.2
057B:  INCF   0F,F
057C:  GOTO   52A
*
059C:  BCF    03.6
059D:  MOVF   0B,W
059E:  MOVWF  4E
059F:  BCF    0B.7
05A0:  BSF    03.5
05A1:  BSF    03.6
05A2:  BSF    0C.7
05A3:  BSF    0C.0
05A4:  NOP
05A5:  NOP
05A6:  BCF    03.5
05A7:  BCF    03.6
05A8:  BTFSC  4E.7
05A9:  BSF    0B.7
05AA:  BSF    03.6
05AB:  MOVF   0C,W
05AC:  ANDLW  7F
05AD:  BTFSC  03.2
05AE:  GOTO   5EF
05AF:  BCF    03.6
05B0:  MOVWF  4E
05B1:  BSF    03.6
05B2:  MOVF   0D,W
05B3:  BCF    03.6
05B4:  MOVWF  4F
05B5:  BSF    03.6
05B6:  MOVF   0F,W
05B7:  BCF    03.6
05B8:  MOVWF  50
05B9:  MOVF   4E,W
05BA:  MOVWF  51
05BB:  CALL   156
05BC:  MOVF   4F,W
05BD:  BSF    03.6
05BE:  MOVWF  0D
05BF:  BCF    03.6
05C0:  MOVF   50,W
05C1:  BSF    03.6
05C2:  MOVWF  0F
05C3:  BCF    03.6
05C4:  MOVF   0B,W
05C5:  MOVWF  51
05C6:  BCF    0B.7
05C7:  BSF    03.5
05C8:  BSF    03.6
05C9:  BSF    0C.7
05CA:  BSF    0C.0
05CB:  NOP
05CC:  NOP
05CD:  BCF    03.5
05CE:  BCF    03.6
05CF:  BTFSC  51.7
05D0:  BSF    0B.7
05D1:  BSF    03.6
05D2:  RLF    0C,W
05D3:  RLF    0E,W
05D4:  ANDLW  7F
05D5:  BTFSC  03.2
05D6:  GOTO   5EF
05D7:  BCF    03.6
05D8:  MOVWF  4E
05D9:  BSF    03.6
05DA:  MOVF   0D,W
05DB:  BCF    03.6
05DC:  MOVWF  4F
05DD:  BSF    03.6
05DE:  MOVF   0F,W
05DF:  BCF    03.6
05E0:  MOVWF  50
05E1:  MOVF   4E,W
05E2:  MOVWF  51
05E3:  CALL   156
05E4:  MOVF   4F,W
05E5:  BSF    03.6
05E6:  MOVWF  0D
05E7:  BCF    03.6
05E8:  MOVF   50,W
05E9:  BSF    03.6
05EA:  MOVWF  0F
05EB:  INCF   0D,F
05EC:  BTFSC  03.2
05ED:  INCF   0F,F
05EE:  GOTO   59C
05EF:  BCF    03.6
05F0:  CLRF   2B
05F1:  BTFSC  0B.7
05F2:  BSF    2B.7
05F3:  BCF    0B.7
....................  
.................... #list 
....................  
.................... #fuses HS 
.................... #use delay(clock=20000000)  
*
0060:  MOVLW  52
0061:  MOVWF  04
0062:  BCF    03.7
0063:  MOVF   00,W
0064:  BTFSC  03.2
0065:  GOTO   073
0066:  MOVLW  06
0067:  MOVWF  78
0068:  CLRF   77
0069:  DECFSZ 77,F
006A:  GOTO   069
006B:  DECFSZ 78,F
006C:  GOTO   068
006D:  MOVLW  7B
006E:  MOVWF  77
006F:  DECFSZ 77,F
0070:  GOTO   06F
0071:  DECFSZ 00,F
0072:  GOTO   066
0073:  RETURN
.................... #include <lcd.c> 
.................... /////////////////////////////////////////////////////////////////////////////// 
.................... ////                             LCD.C                                     //// 
.................... ////                 Driver for common LCD modules                         //// 
.................... ////                                                                       //// 
.................... ////  lcd_init()   Must be called before any other function.               //// 
.................... ////                                                                       //// 
.................... ////  lcd_putc(c)  Will display c on the next position of the LCD.         //// 
.................... ////                 \a  Set cursor position to upper left                 //// 
.................... ////                 \f  Clear display, set cursor to upper left           //// 
.................... ////                 \n  Go to start of second line                        //// 
.................... ////                 \b  Move back one position                            //// 
.................... ////              If LCD_EXTENDED_NEWLINE is defined, the \n character     //// 
.................... ////              will erase all remanining characters on the current      //// 
.................... ////              line, and move the cursor to the beginning of the next   //// 
.................... ////              line.                                                    //// 
.................... ////              If LCD_EXTENDED_NEWLINE is defined, the \r character     //// 
.................... ////              will move the cursor to the start of the current         //// 
.................... ////              line.                                                    //// 
.................... ////                                                                       //// 
.................... ////  lcd_gotoxy(x,y) Set write position on LCD (upper left is 1,1)        //// 
.................... ////                                                                       //// 
.................... ////  lcd_getc(x,y)   Returns character at position x,y on LCD             //// 
.................... ////                                                                       //// 
.................... ////  lcd_cursor_on(int1 on)   Turn the cursor on (on=TRUE) or off         //// 
.................... ////              (on=FALSE).                                              //// 
.................... ////                                                                       //// 
.................... ////  lcd_set_cgram_char(w, *p)   Write a custom character to the CGRAM.   //// 
.................... ////                                                                       //// 
.................... ////                                                                       //// 
.................... ////  CONFIGURATION                                                        //// 
.................... ////  The LCD can be configured in one of two ways: a.) port access or     //// 
.................... ////  b.) pin access.  Port access requires the entire 7 bit interface     //// 
.................... ////  connected to one GPIO port, and the data bits (D4:D7 of the LCD)     //// 
.................... ////  connected to sequential pins on the GPIO.  Pin access                //// 
.................... ////  has no requirements, all 7 bits of the control interface can         //// 
.................... ////  can be connected to any GPIO using several ports.                    //// 
.................... ////                                                                       //// 
.................... ////  To use port access, #define LCD_DATA_PORT to the SFR location of     //// 
.................... ////  of the GPIO port that holds the interface, -AND- edit LCD_PIN_MAP    //// 
.................... ////  of this file to configure the pin order.  If you are using a         //// 
.................... ////  baseline PIC (PCB), then LCD_OUTPUT_MAP and LCD_INPUT_MAP also must  //// 
.................... ////  be defined.                                                          //// 
.................... ////                                                                       //// 
.................... ////  Example of port access:                                              //// 
.................... ////     #define LCD_DATA_PORT getenv("SFR:PORTD")                         //// 
.................... ////                                                                       //// 
.................... ////  To use pin access, the following pins must be defined:               //// 
.................... ////     LCD_ENABLE_PIN                                                    //// 
.................... ////     LCD_RS_PIN                                                        //// 
.................... ////     LCD_RW_PIN                                                        //// 
.................... ////     LCD_DATA4                                                         //// 
.................... ////     LCD_DATA5                                                         //// 
.................... ////     LCD_DATA6                                                         //// 
.................... ////     LCD_DATA7                                                         //// 
.................... ////                                                                       //// 
.................... ////  Example of pin access:                                               //// 
.................... ////     #define LCD_ENABLE_PIN  PIN_E0                                    //// 
.................... ////     #define LCD_RS_PIN      PIN_E1                                    //// 
.................... ////     #define LCD_RW_PIN      PIN_E2                                    //// 
.................... ////     #define LCD_DATA4       PIN_D4                                    //// 
.................... ////     #define LCD_DATA5       PIN_D5                                    //// 
.................... ////     #define LCD_DATA6       PIN_D6                                    //// 
.................... ////     #define LCD_DATA7       PIN_D7                                    //// 
.................... ////                                                                       //// 
.................... /////////////////////////////////////////////////////////////////////////////// 
.................... ////        (C) Copyright 1996,2010 Custom Computer Services           //// 
.................... //// This source code may only be used by licensed users of the CCS C  //// 
.................... //// compiler.  This source code may only be distributed to other      //// 
.................... //// licensed users of the CCS C compiler.  No other use, reproduction //// 
.................... //// or distribution is permitted without written permission.          //// 
.................... //// Derivative programs created using this software in object code    //// 
.................... //// form are not restricted in any way.                               //// 
.................... /////////////////////////////////////////////////////////////////////////// 
....................  
.................... #ifndef __LCD_C__ 
.................... #define __LCD_C__ 
....................  
.................... // define the pinout. 
.................... // only required if port access is being used. 
.................... typedef struct   
.................... {                            // This structure is overlayed 
....................    int1 enable;           // on to an I/O port to gain 
....................    int1 rs;               // access to the LCD pins. 
....................    int1 rw;               // The bits are allocated from 
....................    int1 unused;           // low order up.  ENABLE will 
....................    unsigned int     data : 4;         // be LSB pin of that port. 
....................   #if defined(__PCD__)       // The port used will be LCD_DATA_PORT. 
....................    unsigned int    reserved: 8; 
....................   #endif 
.................... } LCD_PIN_MAP; 
....................  
.................... // this is to improve compatability with previous LCD drivers that accepted 
.................... // a define labeled 'use_portb_lcd' that configured the LCD onto port B. 
.................... #if ((defined(use_portb_lcd)) && (use_portb_lcd==TRUE)) 
....................  #define LCD_DATA_PORT getenv("SFR:PORTB") 
.................... #endif 
....................  
.................... #if defined(__PCB__) 
....................    // these definitions only need to be modified for baseline PICs. 
....................    // all other PICs use LCD_PIN_MAP or individual LCD_xxx pin definitions. 
.................... /*                                    EN, RS,   RW,   UNUSED,  DATA  */ 
....................  const LCD_PIN_MAP LCD_OUTPUT_MAP =  {0,  0,    0,    0,       0}; 
....................  const LCD_PIN_MAP LCD_INPUT_MAP =   {0,  0,    0,    0,       0xF}; 
.................... #endif 
....................  
.................... ////////////////////// END CONFIGURATION /////////////////////////////////// 
....................  
.................... #ifndef LCD_ENABLE_PIN 
....................    #define lcd_output_enable(x) lcdlat.enable=x 
....................    #define lcd_enable_tris()   lcdtris.enable=0 
.................... #else 
....................    #define lcd_output_enable(x) output_bit(LCD_ENABLE_PIN, x) 
....................    #define lcd_enable_tris()  output_drive(LCD_ENABLE_PIN) 
.................... #endif 
....................  
.................... #ifndef LCD_RS_PIN 
....................    #define lcd_output_rs(x) lcdlat.rs=x 
....................    #define lcd_rs_tris()   lcdtris.rs=0 
.................... #else 
....................    #define lcd_output_rs(x) output_bit(LCD_RS_PIN, x) 
....................    #define lcd_rs_tris()  output_drive(LCD_RS_PIN) 
.................... #endif 
....................  
.................... #ifndef LCD_RW_PIN 
....................    #define lcd_output_rw(x) lcdlat.rw=x 
....................    #define lcd_rw_tris()   lcdtris.rw=0 
.................... #else 
....................    #define lcd_output_rw(x) output_bit(LCD_RW_PIN, x) 
....................    #define lcd_rw_tris()  output_drive(LCD_RW_PIN) 
.................... #endif 
....................  
.................... // original version of this library incorrectly labeled LCD_DATA0 as LCD_DATA4, 
.................... // LCD_DATA1 as LCD_DATA5, and so on.  this block of code makes the driver 
.................... // compatible with any code written for the original library 
.................... #if (defined(LCD_DATA0) && defined(LCD_DATA1) && defined(LCD_DATA2) && defined(LCD_DATA3) && !defined(LCD_DATA4) && !defined(LCD_DATA5) && !defined(LCD_DATA6) && !defined(LCD_DATA7)) 
....................    #define  LCD_DATA4    LCD_DATA0 
....................    #define  LCD_DATA5    LCD_DATA1 
....................    #define  LCD_DATA6    LCD_DATA2 
....................    #define  LCD_DATA7    LCD_DATA3 
.................... #endif 
....................  
.................... #ifndef LCD_DATA4 
.................... #ifndef LCD_DATA_PORT 
....................    #if defined(__PCB__) 
....................       #define LCD_DATA_PORT      0x06     //portb 
....................       #define set_tris_lcd(x)   set_tris_b(x) 
....................    #else 
....................      #if defined(PIN_D0) 
....................       #define LCD_DATA_PORT      getenv("SFR:PORTD")     //portd 
....................      #else 
....................       #define LCD_DATA_PORT      getenv("SFR:PORTB")     //portb 
....................      #endif 
....................    #endif    
.................... #endif 
....................  
.................... #if defined(__PCB__) 
....................    LCD_PIN_MAP lcd, lcdlat; 
....................    #byte lcd = LCD_DATA_PORT 
....................    #byte lcdlat = LCD_DATA_PORT 
.................... #elif defined(__PCM__) 
....................    LCD_PIN_MAP lcd, lcdlat, lcdtris; 
....................    #byte lcd = LCD_DATA_PORT 
....................    #byte lcdlat = LCD_DATA_PORT 
....................    #byte lcdtris = LCD_DATA_PORT+0x80 
.................... #elif defined(__PCH__) 
....................    LCD_PIN_MAP lcd, lcdlat, lcdtris; 
....................    #byte lcd = LCD_DATA_PORT 
....................    #byte lcdlat = LCD_DATA_PORT+9 
....................    #byte lcdtris = LCD_DATA_PORT+0x12 
.................... #elif defined(__PCD__) 
....................    LCD_PIN_MAP lcd, lcdlat, lcdtris; 
....................    #word lcd = LCD_DATA_PORT 
....................    #word lcdlat = LCD_DATA_PORT+2 
....................    #word lcdtris = LCD_DATA_PORT-0x02 
.................... #endif 
.................... #endif   //LCD_DATA4 not defined 
....................  
.................... #ifndef LCD_TYPE 
....................    #define LCD_TYPE 2           // 0=5x7, 1=5x10, 2=2 lines 
.................... #endif 
....................  
.................... #ifndef LCD_LINE_TWO 
....................    #define LCD_LINE_TWO 0x40    // LCD RAM address for the second line 
.................... #endif 
....................  
.................... #ifndef LCD_LINE_LENGTH 
....................    #define LCD_LINE_LENGTH 20 
.................... #endif 
....................  
.................... unsigned int8 lcd_read_nibble(void); 
....................  
.................... unsigned int8 lcd_read_byte(void) 
.................... { 
....................    unsigned int8 low,high; 
....................  
....................  #if defined(__PCB__) 
....................    set_tris_lcd(LCD_INPUT_MAP); 
....................  #else 
....................   #if (defined(LCD_DATA4) && defined(LCD_DATA5) && defined(LCD_DATA6) && defined(LCD_DATA7)) 
....................    output_float(LCD_DATA4); 
....................    output_float(LCD_DATA5); 
....................    output_float(LCD_DATA6); 
....................    output_float(LCD_DATA7); 
....................   #else 
....................    lcdtris.data = 0xF; 
*
00E1:  MOVLW  0F
00E2:  BSF    03.5
00E3:  ANDWF  08,W
00E4:  IORLW  F0
00E5:  MOVWF  08
....................   #endif 
....................  #endif 
....................          
....................    lcd_output_rw(1); 
00E6:  BCF    03.5
00E7:  BSF    08.2
....................    delay_cycles(1); 
00E8:  NOP
....................    lcd_output_enable(1); 
00E9:  BSF    08.0
....................    delay_cycles(1); 
00EA:  NOP
....................    high = lcd_read_nibble(); 
*
00F0:  MOVF   78,W
00F1:  MOVWF  59
....................        
....................    lcd_output_enable(0); 
00F2:  BCF    08.0
....................    delay_cycles(1); 
00F3:  NOP
....................    lcd_output_enable(1); 
00F4:  BSF    08.0
....................    delay_us(1); 
00F5:  GOTO   0F6
00F6:  GOTO   0F7
00F7:  NOP
....................    low = lcd_read_nibble(); 
*
00FD:  MOVF   78,W
00FE:  MOVWF  58
....................        
....................    lcd_output_enable(0); 
00FF:  BCF    08.0
....................  
....................  #if defined(__PCB__) 
....................    set_tris_lcd(LCD_OUTPUT_MAP); 
....................  #else 
....................   #if (defined(LCD_DATA4) && defined(LCD_DATA5) && defined(LCD_DATA6) && defined(LCD_DATA7)) 
....................    output_drive(LCD_DATA4); 
....................    output_drive(LCD_DATA5); 
....................    output_drive(LCD_DATA6); 
....................    output_drive(LCD_DATA7); 
....................   #else 
....................    lcdtris.data = 0x0; 
0100:  MOVLW  0F
0101:  BSF    03.5
0102:  ANDWF  08,W
0103:  MOVWF  08
....................   #endif 
....................  #endif 
....................  
....................    return( (high<<4) | low); 
0104:  BCF    03.5
0105:  SWAPF  59,W
0106:  MOVWF  77
0107:  MOVLW  F0
0108:  ANDWF  77,F
0109:  MOVF   77,W
010A:  IORWF  58,W
010B:  MOVWF  78
.................... } 
....................  
.................... unsigned int8 lcd_read_nibble(void) 
.................... { 
....................   #if (defined(LCD_DATA4) && defined(LCD_DATA5) && defined(LCD_DATA6) && defined(LCD_DATA7)) 
....................    unsigned int8 n = 0x00; 
....................  
....................    /* Read the data port */ 
....................    n |= input(LCD_DATA4); 
....................    n |= input(LCD_DATA5) << 1; 
....................    n |= input(LCD_DATA6) << 2; 
....................    n |= input(LCD_DATA7) << 3; 
....................     
....................    return(n); 
....................   #else 
....................    return(lcd.data); 
*
00EB:  MOVF   08,W
00EC:  MOVWF  77
00ED:  SWAPF  08,W
00EE:  ANDLW  0F
00EF:  MOVWF  78
*
00F8:  MOVF   08,W
00F9:  MOVWF  77
00FA:  SWAPF  08,W
00FB:  ANDLW  0F
00FC:  MOVWF  78
....................   #endif 
.................... } 
....................  
.................... void lcd_send_nibble(unsigned int8 n) 
.................... { 
....................   #if (defined(LCD_DATA4) && defined(LCD_DATA5) && defined(LCD_DATA6) && defined(LCD_DATA7)) 
....................    /* Write to the data port */ 
....................    output_bit(LCD_DATA4, bit_test(n, 0)); 
....................    output_bit(LCD_DATA5, bit_test(n, 1)); 
....................    output_bit(LCD_DATA6, bit_test(n, 2)); 
....................    output_bit(LCD_DATA7, bit_test(n, 3)); 
....................   #else       
....................    lcdlat.data = n; 
*
011E:  SWAPF  59,W
011F:  ANDLW  F0
0120:  MOVWF  77
0121:  MOVLW  0F
0122:  ANDWF  08,W
0123:  IORWF  77,W
0124:  MOVWF  08
*
0133:  SWAPF  59,W
0134:  ANDLW  F0
0135:  MOVWF  77
0136:  MOVLW  0F
0137:  ANDWF  08,W
0138:  IORWF  77,W
0139:  MOVWF  08
*
032A:  SWAPF  59,W
032B:  ANDLW  F0
032C:  MOVWF  77
032D:  MOVLW  0F
032E:  ANDWF  08,W
032F:  IORWF  77,W
0330:  MOVWF  08
*
0347:  SWAPF  59,W
0348:  ANDLW  F0
0349:  MOVWF  77
034A:  MOVLW  0F
034B:  ANDWF  08,W
034C:  IORWF  77,W
034D:  MOVWF  08
....................   #endif 
....................        
....................    delay_cycles(1); 
*
0125:  NOP
*
013A:  NOP
*
0331:  NOP
*
034E:  NOP
....................    lcd_output_enable(1); 
*
0126:  BSF    08.0
*
013B:  BSF    08.0
*
0332:  BSF    08.0
*
034F:  BSF    08.0
....................    delay_us(2); 
*
0127:  MOVLW  02
0128:  MOVWF  77
0129:  DECFSZ 77,F
012A:  GOTO   129
012B:  GOTO   12C
012C:  NOP
*
013C:  MOVLW  02
013D:  MOVWF  77
013E:  DECFSZ 77,F
013F:  GOTO   13E
0140:  GOTO   141
0141:  NOP
*
0333:  MOVLW  02
0334:  MOVWF  77
0335:  DECFSZ 77,F
0336:  GOTO   335
0337:  GOTO   338
0338:  NOP
*
0350:  MOVLW  02
0351:  MOVWF  77
0352:  DECFSZ 77,F
0353:  GOTO   352
0354:  GOTO   355
0355:  NOP
....................    lcd_output_enable(0); 
*
012D:  BCF    08.0
*
0142:  BCF    08.0
*
0339:  BCF    08.0
033A:  CLRF   2B
033B:  BTFSC  0B.7
033C:  BSF    2B.7
033D:  BCF    0B.7
*
0356:  BCF    08.0
0357:  CLRF   2B
0358:  BTFSC  0B.7
0359:  BSF    2B.7
035A:  BCF    0B.7
.................... } 
....................  
.................... void lcd_send_byte(unsigned int8 address, unsigned int8 n) 
.................... { 
....................   #if defined(__PCB__) 
....................    set_tris_lcd(LCD_OUTPUT_MAP); 
....................   #else 
....................    lcd_enable_tris(); 
*
00DB:  BSF    03.5
00DC:  BCF    08.0
....................    lcd_rs_tris(); 
00DD:  BCF    08.1
....................    lcd_rw_tris(); 
00DE:  BCF    08.2
....................   #endif 
....................  
....................    lcd_output_rs(0); 
00DF:  BCF    03.5
00E0:  BCF    08.1
....................    while ( bit_test(lcd_read_byte(),7) ) ; 
*
010C:  MOVF   78,W
010D:  MOVWF  58
010E:  BTFSC  58.7
010F:  GOTO   0E1
....................    lcd_output_rs(address); 
0110:  BTFSS  56.0
0111:  BCF    08.1
0112:  BTFSC  56.0
0113:  BSF    08.1
....................    delay_cycles(1); 
0114:  NOP
....................    lcd_output_rw(0); 
0115:  BCF    08.2
....................    delay_cycles(1); 
0116:  NOP
....................    lcd_output_enable(0); 
0117:  BCF    08.0
....................    lcd_send_nibble(n >> 4); 
0118:  SWAPF  57,W
0119:  MOVWF  58
011A:  MOVLW  0F
011B:  ANDWF  58,F
011C:  MOVF   58,W
011D:  MOVWF  59
....................    lcd_send_nibble(n & 0xf); 
*
012E:  MOVF   57,W
012F:  ANDLW  0F
0130:  MOVWF  58
0131:  MOVF   58,W
0132:  MOVWF  59
*
0143:  RETURN
.................... } 
....................  
.................... #if defined(LCD_EXTENDED_NEWLINE) 
.................... unsigned int8 g_LcdX, g_LcdY; 
.................... #endif 
....................  
.................... void lcd_init(void)  
.................... { 
....................    unsigned int8 i; 
....................    unsigned int8 LCD_INIT_STRING[4] = {0x20 | (LCD_TYPE << 2), 0xc, 1, 6}; 
*
0306:  MOVLW  28
0307:  MOVWF  42
0308:  MOVLW  0C
0309:  MOVWF  43
030A:  MOVLW  01
030B:  MOVWF  44
030C:  MOVLW  06
030D:  MOVWF  45
....................                              // These bytes need to be sent to the LCD 
....................                              // to start it up. 
....................     
....................  
....................    lcd_output_enable(0); 
030E:  BCF    08.0
....................    lcd_output_rs(0); 
030F:  BCF    08.1
....................    lcd_output_rw(0); 
0310:  BCF    08.2
....................  
....................  #if defined(__PCB__) 
....................    set_tris_lcd(LCD_OUTPUT_MAP); 
....................  #else 
....................   #if (defined(LCD_DATA4) && defined(LCD_DATA5) && defined(LCD_DATA6) && defined(LCD_DATA7)) 
....................    output_drive(LCD_DATA4); 
....................    output_drive(LCD_DATA5); 
....................    output_drive(LCD_DATA6); 
....................    output_drive(LCD_DATA7); 
....................   #else 
....................    lcdtris.data = 0x0; 
0311:  MOVLW  0F
0312:  BSF    03.5
0313:  ANDWF  08,W
0314:  MOVWF  08
....................   #endif 
....................    lcd_enable_tris(); 
0315:  BCF    08.0
....................    lcd_rs_tris(); 
0316:  BCF    08.1
....................    lcd_rw_tris(); 
0317:  BCF    08.2
0318:  BCF    03.5
0319:  CLRF   2B
031A:  BTFSC  0B.7
031B:  BSF    2B.7
031C:  BCF    0B.7
....................  #endif 
....................      
....................    delay_ms(15); 
031D:  MOVLW  0F
031E:  MOVWF  52
031F:  CALL   060
0320:  BTFSC  2B.7
0321:  BSF    0B.7
....................    for(i=1;i<=3;++i) 
0322:  MOVLW  01
0323:  MOVWF  41
0324:  MOVF   41,W
0325:  SUBLW  03
0326:  BTFSS  03.0
0327:  GOTO   345
....................    { 
....................        lcd_send_nibble(3); 
0328:  MOVLW  03
0329:  MOVWF  59
....................        delay_ms(5); 
*
033E:  MOVLW  05
033F:  MOVWF  52
0340:  CALL   060
0341:  BTFSC  2B.7
0342:  BSF    0B.7
0343:  INCF   41,F
0344:  GOTO   324
....................    } 
....................     
....................    lcd_send_nibble(2); 
0345:  MOVLW  02
0346:  MOVWF  59
....................    delay_ms(5); 
*
035B:  MOVLW  05
035C:  MOVWF  52
035D:  CALL   060
035E:  BTFSC  2B.7
035F:  BSF    0B.7
....................    for(i=0;i<=3;++i) 
0360:  CLRF   41
0361:  MOVF   41,W
0362:  SUBLW  03
0363:  BTFSS  03.0
0364:  GOTO   377
....................       lcd_send_byte(0,LCD_INIT_STRING[i]); 
0365:  MOVLW  42
0366:  ADDWF  41,W
0367:  MOVWF  04
0368:  BCF    03.7
0369:  MOVF   00,W
036A:  MOVWF  46
036B:  CLRF   2B
036C:  BTFSC  0B.7
036D:  BSF    2B.7
036E:  BCF    0B.7
036F:  CLRF   56
0370:  MOVF   46,W
0371:  MOVWF  57
0372:  CALL   0DB
0373:  BTFSC  2B.7
0374:  BSF    0B.7
....................  
....................   #if defined(LCD_EXTENDED_NEWLINE) 
0375:  INCF   41,F
0376:  GOTO   361
0377:  CLRF   2B
0378:  BTFSC  0B.7
0379:  BSF    2B.7
037A:  BCF    0B.7
....................    g_LcdX = 0; 
....................    g_LcdY = 0; 
....................   #endif 
.................... } 
....................  
.................... void lcd_gotoxy(unsigned int8 x, unsigned int8 y) 
.................... { 
....................    unsigned int8 address; 
....................     
....................    if(y!=1) 
*
0144:  DECFSZ 53,W
0145:  GOTO   147
0146:  GOTO   14A
....................       address=LCD_LINE_TWO; 
0147:  MOVLW  40
0148:  MOVWF  54
0149:  GOTO   14B
....................    else 
....................       address=0; 
014A:  CLRF   54
....................       
....................    address+=x-1; 
014B:  MOVLW  01
014C:  SUBWF  52,W
014D:  ADDWF  54,F
....................    lcd_send_byte(0,0x80|address); 
014E:  MOVF   54,W
014F:  IORLW  80
0150:  MOVWF  55
0151:  CLRF   56
0152:  MOVF   55,W
0153:  MOVWF  57
0154:  CALL   0DB
....................  
....................   #if defined(LCD_EXTENDED_NEWLINE) 
0155:  RETURN
....................    g_LcdX = x - 1; 
....................    g_LcdY = y - 1; 
....................   #endif 
.................... } 
....................  
.................... void lcd_putc(char c) 
.................... { 
....................    switch (c) 
0156:  MOVF   51,W
0157:  XORLW  07
0158:  BTFSC  03.2
0159:  GOTO   164
015A:  XORLW  0B
015B:  BTFSC  03.2
015C:  GOTO   169
015D:  XORLW  06
015E:  BTFSC  03.2
015F:  GOTO   171
0160:  XORLW  02
0161:  BTFSC  03.2
0162:  GOTO   177
0163:  GOTO   17C
....................    { 
....................       case '\a'   :  lcd_gotoxy(1,1);     break; 
0164:  MOVLW  01
0165:  MOVWF  52
0166:  MOVWF  53
0167:  CALL   144
0168:  GOTO   181
....................  
....................       case '\f'   :  lcd_send_byte(0,1); 
0169:  CLRF   56
016A:  MOVLW  01
016B:  MOVWF  57
016C:  CALL   0DB
....................                      delay_ms(2); 
016D:  MOVLW  02
016E:  MOVWF  52
016F:  CALL   060
....................                     #if defined(LCD_EXTENDED_NEWLINE) 
....................                      g_LcdX = 0; 
....................                      g_LcdY = 0; 
....................                     #endif 
....................                      break; 
0170:  GOTO   181
....................  
....................      #if defined(LCD_EXTENDED_NEWLINE) 
....................       case '\r'   :  lcd_gotoxy(1, g_LcdY+1);   break; 
....................       case '\n'   : 
....................          while (g_LcdX++ < LCD_LINE_LENGTH) 
....................          { 
....................             lcd_send_byte(1, ' '); 
....................          } 
....................          lcd_gotoxy(1, g_LcdY+2); 
....................          break; 
....................      #else 
....................       case '\n'   : lcd_gotoxy(1,2);        break; 
0171:  MOVLW  01
0172:  MOVWF  52
0173:  MOVLW  02
0174:  MOVWF  53
0175:  CALL   144
0176:  GOTO   181
....................      #endif 
....................       
....................       case '\b'   : lcd_send_byte(0,0x10);  break; 
0177:  CLRF   56
0178:  MOVLW  10
0179:  MOVWF  57
017A:  CALL   0DB
017B:  GOTO   181
....................       
....................      #if defined(LCD_EXTENDED_NEWLINE) 
....................       default     :  
....................          if (g_LcdX < LCD_LINE_LENGTH) 
....................          { 
....................             lcd_send_byte(1, c); 
....................             g_LcdX++; 
....................          } 
....................          break; 
....................      #else 
....................       default     : lcd_send_byte(1,c);     break; 
017C:  MOVLW  01
017D:  MOVWF  56
017E:  MOVF   51,W
017F:  MOVWF  57
0180:  CALL   0DB
....................      #endif 
....................    } 
0181:  RETURN
.................... } 
....................   
.................... char lcd_getc(unsigned int8 x, unsigned int8 y) 
.................... { 
....................    char value; 
....................  
....................    lcd_gotoxy(x,y); 
....................    while ( bit_test(lcd_read_byte(),7) ); // wait until busy flag is low 
....................    lcd_output_rs(1); 
....................    value = lcd_read_byte(); 
....................    lcd_output_rs(0); 
....................     
....................    return(value); 
.................... } 
....................  
.................... // write a custom character to the ram 
.................... // which is 0-7 and specifies which character array we are modifying. 
.................... // ptr points to an array of 8 bytes, where each byte is the next row of 
.................... //    pixels.  only bits 0-4 are used.  the last row is the cursor row, and 
.................... //    usually you will want to leave this byte 0x00. 
.................... void lcd_set_cgram_char(unsigned int8 which, unsigned int8 *ptr) 
.................... { 
....................    unsigned int i; 
....................  
....................    which <<= 3; 
....................    which &= 0x38; 
....................  
....................    lcd_send_byte(0, 0x40 | which);  //set cgram address 
....................  
....................    for(i=0; i<8; i++) 
....................    { 
....................       lcd_send_byte(1, *ptr++); 
....................    } 
....................    
....................    #if defined(LCD_EXTENDED_NEWLINE) 
....................     lcd_gotoxy(g_LcdX+1, g_LcdY+1);  //set ddram address 
....................    #endif 
.................... } 
....................  
.................... void lcd_cursor_on(int1 on) 
.................... { 
....................    if (on) 
....................    { 
....................       lcd_send_byte(0,0x0F);           //turn LCD cursor ON 
....................    } 
....................    else 
....................    { 
....................       lcd_send_byte(0,0x0C);           //turn LCD cursor OFF 
....................    } 
.................... } 
....................  
.................... #endif 
....................  
....................  
.................... #define IR_IN PIN_B0 
.................... #define IR_OUT PIN_B1 
.................... #define RESET_BUTTON PIN_B2 
.................... #define BUZZER PIN_C0 
.................... #define LED_FULL PIN_C1 
.................... #define MAX_CARS 10 
....................  
.................... int8 car_count = 0; 
.................... int1 is_full = 0; 
....................  
.................... void display_event(int1 is_exit) { 
....................    lcd_gotoxy(1, 2); 
0182:  MOVLW  01
0183:  MOVWF  52
0184:  MOVLW  02
0185:  MOVWF  53
0186:  CALL   144
....................    lcd_putc(is_exit ? "Ra" : "Vao"); 
0187:  MOVF   4E,F
0188:  BTFSC  03.2
0189:  GOTO   18E
018A:  MOVLW  00
018B:  MOVWF  7A
018C:  MOVLW  4F
018D:  GOTO   191
018E:  MOVLW  00
018F:  MOVWF  7A
0190:  MOVLW  52
0191:  MOVWF  4F
0192:  MOVWF  51
0193:  CALL   156
....................    delay_ms(1000); 
0194:  MOVLW  04
0195:  MOVWF  4F
0196:  MOVLW  FA
0197:  MOVWF  52
0198:  CALL   060
0199:  DECFSZ 4F,F
019A:  GOTO   196
019B:  RETURN
.................... } 
....................  
.................... void display_reset_message() { 
....................    lcd_gotoxy(1, 1); 
*
021D:  MOVLW  01
021E:  MOVWF  52
021F:  MOVWF  53
0220:  CALL   144
....................    lcd_putc("Reset OK"); 
0221:  MOVLW  56
0222:  BSF    03.6
0223:  MOVWF  0D
0224:  MOVLW  00
0225:  MOVWF  0F
....................    lcd_gotoxy(1, 2); 
*
0279:  MOVLW  01
027A:  BCF    03.6
027B:  MOVWF  52
027C:  MOVLW  02
027D:  MOVWF  53
027E:  CALL   144
....................    lcd_putc("So xe: 0"); 
027F:  MOVLW  5B
0280:  BSF    03.6
0281:  MOVWF  0D
0282:  MOVLW  00
0283:  MOVWF  0F
....................    delay_ms(1000); 
*
02D7:  MOVLW  04
02D8:  BCF    03.6
02D9:  MOVWF  4E
02DA:  MOVLW  FA
02DB:  MOVWF  52
02DC:  CALL   060
02DD:  DECFSZ 4E,F
02DE:  GOTO   2DA
.................... } 
....................  
.................... void set_servo_angle(int8 angle) { 
*
0074:  CLRF   52
0075:  MOVF   4E,W
0076:  MOVWF  51
0077:  MOVLW  03
0078:  MOVWF  54
0079:  MOVLW  E8
007A:  MOVWF  53
*
008F:  MOVF   79,W
0090:  MOVWF  52
0091:  MOVF   78,W
0092:  MOVWF  51
0093:  MOVF   52,W
0094:  MOVWF  54
0095:  MOVF   51,W
0096:  MOVWF  53
0097:  CLRF   56
0098:  MOVLW  B4
0099:  MOVWF  55
*
00BE:  MOVF   78,W
00BF:  ADDLW  E8
00C0:  MOVWF  4F
00C1:  MOVF   79,W
00C2:  MOVWF  50
00C3:  MOVLW  03
00C4:  BTFSC  03.0
00C5:  MOVLW  04
00C6:  ADDWF  50,F
....................    int16 duty = 1000 + (angle * 1000 / 180); 
....................    set_pwm1_duty(duty); 
00C7:  MOVF   50,W
00C8:  MOVWF  79
00C9:  MOVF   4F,W
00CA:  MOVWF  78
00CB:  RRF    79,F
00CC:  RRF    78,F
00CD:  RRF    79,F
00CE:  RRF    78,F
00CF:  RRF    79,F
00D0:  MOVF   78,W
00D1:  MOVWF  15
00D2:  RRF    79,F
00D3:  RRF    79,W
00D4:  ANDLW  30
00D5:  MOVWF  77
00D6:  MOVF   17,W
00D7:  ANDLW  CF
00D8:  IORWF  77,W
00D9:  MOVWF  17
00DA:  RETURN
.................... } 
....................  
.................... #int_rb 
.................... void rb_isr(void) { 
....................    delay_ms(50); 
*
019C:  MOVLW  32
019D:  MOVWF  52
019E:  CALL   060
....................    if(!input(IR_IN)) { 
019F:  BSF    03.5
01A0:  BSF    06.0
01A1:  BCF    03.5
01A2:  BTFSC  06.0
01A3:  GOTO   1CF
....................       if(car_count < MAX_CARS) { 
01A4:  MOVF   2C,W
01A5:  SUBLW  09
01A6:  BTFSS  03.0
01A7:  GOTO   1CF
....................          car_count++; 
01A8:  INCF   2C,F
....................          set_servo_angle(90); 
01A9:  MOVLW  5A
01AA:  MOVWF  4E
01AB:  CALL   074
....................          delay_ms(1000); 
01AC:  MOVLW  04
01AD:  MOVWF  4E
01AE:  MOVLW  FA
01AF:  MOVWF  52
01B0:  CALL   060
01B1:  DECFSZ 4E,F
01B2:  GOTO   1AE
....................          set_servo_angle(0); 
01B3:  CLRF   4E
01B4:  CALL   074
....................          write_eeprom(0, car_count); 
01B5:  MOVF   0B,W
01B6:  MOVWF  77
01B7:  BCF    0B.7
01B8:  BSF    03.6
01B9:  CLRF   0D
01BA:  BCF    03.6
01BB:  MOVF   2C,W
01BC:  BSF    03.6
01BD:  MOVWF  0C
01BE:  BSF    03.5
01BF:  BCF    0C.7
01C0:  BSF    0C.2
01C1:  MOVLW  55
01C2:  MOVWF  0D
01C3:  MOVLW  AA
01C4:  MOVWF  0D
01C5:  BSF    0C.1
01C6:  BTFSC  0C.1
01C7:  GOTO   1C6
01C8:  BCF    0C.2
01C9:  MOVF   77,W
01CA:  BCF    03.5
01CB:  BCF    03.6
01CC:  IORWF  0B,F
....................          display_event(0);  
01CD:  CLRF   4E
01CE:  CALL   182
....................       } 
....................    } 
....................    if(!input(IR_OUT)) { 
01CF:  BSF    03.5
01D0:  BSF    06.1
01D1:  BCF    03.5
01D2:  BTFSC  06.1
01D3:  GOTO   1FF
....................       if(car_count > 0) { 
01D4:  MOVF   2C,F
01D5:  BTFSC  03.2
01D6:  GOTO   1FF
....................          car_count--; 
01D7:  DECF   2C,F
....................          set_servo_angle(90); 
01D8:  MOVLW  5A
01D9:  MOVWF  4E
01DA:  CALL   074
....................          delay_ms(1000); 
01DB:  MOVLW  04
01DC:  MOVWF  4E
01DD:  MOVLW  FA
01DE:  MOVWF  52
01DF:  CALL   060
01E0:  DECFSZ 4E,F
01E1:  GOTO   1DD
....................          set_servo_angle(0); 
01E2:  CLRF   4E
01E3:  CALL   074
....................          write_eeprom(0, car_count); 
01E4:  MOVF   0B,W
01E5:  MOVWF  77
01E6:  BCF    0B.7
01E7:  BSF    03.6
01E8:  CLRF   0D
01E9:  BCF    03.6
01EA:  MOVF   2C,W
01EB:  BSF    03.6
01EC:  MOVWF  0C
01ED:  BSF    03.5
01EE:  BCF    0C.7
01EF:  BSF    0C.2
01F0:  MOVLW  55
01F1:  MOVWF  0D
01F2:  MOVLW  AA
01F3:  MOVWF  0D
01F4:  BSF    0C.1
01F5:  BTFSC  0C.1
01F6:  GOTO   1F5
01F7:  BCF    0C.2
01F8:  MOVF   77,W
01F9:  BCF    03.5
01FA:  BCF    03.6
01FB:  IORWF  0B,F
....................          display_event(1);  
01FC:  MOVLW  01
01FD:  MOVWF  4E
01FE:  CALL   182
....................       } 
....................    } 
....................    if(!input(RESET_BUTTON)) { 
01FF:  BSF    03.5
0200:  BSF    06.2
0201:  BCF    03.5
0202:  BTFSC  06.2
0203:  GOTO   2DF
....................       car_count = 0; 
0204:  CLRF   2C
....................       write_eeprom(0, car_count); 
0205:  MOVF   0B,W
0206:  MOVWF  77
0207:  BCF    0B.7
0208:  BSF    03.6
0209:  CLRF   0D
020A:  BCF    03.6
020B:  MOVF   2C,W
020C:  BSF    03.6
020D:  MOVWF  0C
020E:  BSF    03.5
020F:  BCF    0C.7
0210:  BSF    0C.2
0211:  MOVLW  55
0212:  MOVWF  0D
0213:  MOVLW  AA
0214:  MOVWF  0D
0215:  BSF    0C.1
0216:  BTFSC  0C.1
0217:  GOTO   216
0218:  BCF    0C.2
0219:  MOVF   77,W
021A:  BCF    03.5
021B:  BCF    03.6
021C:  IORWF  0B,F
....................       display_reset_message();  
....................    } 
....................    clear_interrupt(INT_RB); 
*
02DF:  BCF    0B.0
02E0:  BCF    0B.0
02E1:  BCF    0A.3
02E2:  BCF    0A.4
02E3:  GOTO   02B
.................... } 
....................  
.................... void init(void) { 
....................    set_tris_b(0x07);  
*
02F1:  MOVLW  07
02F2:  BSF    03.5
02F3:  MOVWF  06
....................    set_tris_c(0x00);  
02F4:  MOVLW  00
02F5:  MOVWF  07
02F6:  BCF    03.5
02F7:  MOVWF  2E
....................    set_tris_d(0x00);  
02F8:  BSF    03.5
02F9:  MOVWF  08
....................    output_b(0x00); 
02FA:  CLRF   06
02FB:  BCF    03.5
02FC:  CLRF   06
....................    output_c(0x00); 
02FD:  MOVWF  2E
02FE:  BSF    03.5
02FF:  CLRF   07
0300:  BCF    03.5
0301:  CLRF   07
....................    output_d(0x00); 
0302:  BSF    03.5
0303:  CLRF   08
0304:  BCF    03.5
0305:  CLRF   08
....................     
....................    lcd_init(); 
....................    delay_ms(100);  
*
037B:  MOVLW  64
037C:  MOVWF  52
037D:  CALL   060
037E:  BTFSC  2B.7
037F:  BSF    0B.7
....................    setup_ccp1(CCP_PWM); 
0380:  BCF    2E.2
0381:  MOVF   2E,W
0382:  BSF    03.5
0383:  MOVWF  07
0384:  BCF    03.5
0385:  BCF    07.2
0386:  MOVLW  0C
0387:  MOVWF  17
0388:  BSF    03.5
0389:  CLRF   1B
038A:  CLRF   1C
038B:  MOVLW  01
038C:  MOVWF  1D
....................    setup_timer_2(T2_DIV_BY_16, 249, 1); // i?u ch?nh cho 20MHz 
038D:  MOVLW  00
038E:  MOVWF  78
038F:  IORLW  06
0390:  BCF    03.5
0391:  MOVWF  12
0392:  MOVLW  F9
0393:  BSF    03.5
0394:  MOVWF  12
....................    set_pwm1_duty(1000); 
0395:  MOVLW  FA
0396:  BCF    03.5
0397:  MOVWF  15
0398:  MOVF   17,W
0399:  ANDLW  CF
039A:  MOVWF  17
....................     
....................    enable_interrupts(INT_RB); 
039B:  BSF    0B.3
039C:  MOVLW  FF
039D:  BSF    03.5
039E:  IORWF  16,F
....................    enable_interrupts(GLOBAL); 
039F:  MOVLW  C0
03A0:  BCF    03.5
03A1:  IORWF  0B,F
....................     
....................    car_count = read_eeprom(0); 
03A2:  BSF    03.6
03A3:  CLRF   0D
03A4:  BSF    03.5
03A5:  BCF    0C.7
03A6:  BSF    0C.0
03A7:  BCF    03.5
03A8:  MOVF   0C,W
03A9:  BCF    03.6
03AA:  MOVWF  2C
03AB:  BCF    0A.3
03AC:  BCF    0A.4
03AD:  GOTO   4E4 (RETURN)
.................... } 
....................  
.................... void main(void) { 
*
04C9:  MOVF   03,W
04CA:  ANDLW  1F
04CB:  MOVWF  03
04CC:  CLRF   2C
04CD:  BCF    2D.0
04CE:  MOVLW  FF
04CF:  MOVWF  2E
04D0:  CLRF   30
04D1:  CLRF   2F
04D2:  BSF    03.5
04D3:  BSF    03.6
04D4:  MOVF   09,W
04D5:  ANDLW  C0
04D6:  MOVWF  09
04D7:  BCF    03.6
04D8:  BCF    1F.4
04D9:  BCF    1F.5
04DA:  MOVLW  00
04DB:  BSF    03.6
04DC:  MOVWF  08
04DD:  BCF    03.5
04DE:  CLRF   07
04DF:  CLRF   08
04E0:  CLRF   09
04E1:  BCF    03.7
....................    init(); 
04E2:  BCF    03.6
04E3:  GOTO   2F1
04E4:  CLRF   2B
04E5:  BTFSC  0B.7
04E6:  BSF    2B.7
04E7:  BCF    0B.7
....................    char buffer[16]; 
....................     
....................    while(TRUE) { 
....................       lcd_gotoxy(1, 1); 
04E8:  MOVLW  01
04E9:  MOVWF  52
04EA:  MOVWF  53
04EB:  CALL   144
04EC:  BTFSC  2B.7
04ED:  BSF    0B.7
....................       sprintf(buffer, "So xe: %d", car_count); 
04EE:  CLRF   30
04EF:  MOVLW  31
04F0:  MOVWF  2F
04F1:  MOVLW  E4
04F2:  BSF    03.6
04F3:  MOVWF  0D
04F4:  MOVLW  02
04F5:  MOVWF  0F
04F6:  BCF    03.0
04F7:  MOVLW  07
04F8:  BCF    03.6
04F9:  MOVWF  41
04FA:  GOTO   3AE
04FB:  MOVF   2C,W
04FC:  MOVWF  41
04FD:  MOVLW  18
04FE:  MOVWF  42
04FF:  GOTO   41D
0500:  CLRF   2B
0501:  BTFSC  0B.7
0502:  BSF    2B.7
0503:  BCF    0B.7
....................       lcd_putc(buffer); 
0504:  MOVLW  31
0505:  MOVWF  51
0506:  CALL   156
0507:  BTFSC  2B.7
0508:  BSF    0B.7
....................        
....................       if(car_count >= MAX_CARS) { 
0509:  MOVF   2C,W
050A:  SUBLW  09
050B:  BTFSC  03.0
050C:  GOTO   57F
....................          is_full = 1; 
050D:  BSF    2D.0
....................          output_high(BUZZER); 
050E:  BCF    2E.0
050F:  MOVF   2E,W
0510:  BSF    03.5
0511:  MOVWF  07
0512:  BCF    03.5
0513:  BSF    07.0
....................          output_high(LED_FULL); 
0514:  BCF    2E.1
0515:  MOVF   2E,W
0516:  BSF    03.5
0517:  MOVWF  07
0518:  BCF    03.5
0519:  BSF    07.1
051A:  CLRF   2B
051B:  BTFSC  0B.7
051C:  BSF    2B.7
051D:  BCF    0B.7
....................          lcd_gotoxy(1, 2); 
051E:  MOVLW  01
051F:  MOVWF  52
0520:  MOVLW  02
0521:  MOVWF  53
0522:  CALL   144
0523:  BTFSC  2B.7
0524:  BSF    0B.7
....................          lcd_putc("BAI DAY"); 
0525:  MOVLW  E9
0526:  BSF    03.6
0527:  MOVWF  0D
0528:  MOVLW  02
0529:  MOVWF  0F
....................       } else { 
*
057D:  GOTO   5EF
057E:  BCF    03.6
....................          is_full = 0; 
057F:  BCF    2D.0
....................          output_low(BUZZER); 
0580:  BCF    2E.0
0581:  MOVF   2E,W
0582:  BSF    03.5
0583:  MOVWF  07
0584:  BCF    03.5
0585:  BCF    07.0
....................          output_low(LED_FULL); 
0586:  BCF    2E.1
0587:  MOVF   2E,W
0588:  BSF    03.5
0589:  MOVWF  07
058A:  BCF    03.5
058B:  BCF    07.1
058C:  CLRF   2B
058D:  BTFSC  0B.7
058E:  BSF    2B.7
058F:  BCF    0B.7
....................          lcd_gotoxy(1, 2); 
0590:  MOVLW  01
0591:  MOVWF  52
0592:  MOVLW  02
0593:  MOVWF  53
0594:  CALL   144
0595:  BTFSC  2B.7
0596:  BSF    0B.7
....................          lcd_putc("CON CHO"); 
0597:  MOVLW  ED
0598:  BSF    03.6
0599:  MOVWF  0D
059A:  MOVLW  02
059B:  MOVWF  0F
....................       } 
....................       delay_ms(200); 
*
05F4:  MOVLW  C8
05F5:  MOVWF  52
05F6:  CALL   060
05F7:  BTFSC  2B.7
05F8:  BSF    0B.7
05F9:  GOTO   4E4
....................    } 
.................... } 
05FA:  SLEEP

Configuration Fuses:
   Word  1: 2FE2   HS NOWDT PUT MCLR NOPROTECT NOCPD BROWNOUT IESO FCMEN NOLVP NODEBUG
   Word  2: 3FFF   BORV40 NOWRT
